#
# A fatal error has been detected by the Java Runtime Environment:
#
#  EXCEPTION_STACK_OVERFLOW (0xc00000fd) at pc=0x04c2fa27, pid=13032, tid=0x00002c68
#
# JRE version: Java(TM) SE Runtime Environment (8.0_112-b15) (build 1.8.0_112-b15)
# Java VM: Java HotSpot(TM) Client VM (25.112-b15 mixed mode windows-x86 )
# Problematic frame:
# j  com.sdabyd2.programowanie.Item.countPrice()D+0
#
# Failed to write core dump. Minidumps are not enabled by default on client versions of Windows
#
# If you would like to submit a bug report, please visit:
#   http://bugreport.java.com/bugreport/crash.jsp
#

---------------  T H R E A D  ---------------

Current thread (0x04c1d400):  JavaThread "main" [_thread_in_Java, id=11368, stack(0x010a0000,0x010f0000)]

siginfo: ExceptionCode=0xc00000fd, ExceptionInformation=0x00000001 0x010a0fe0 

Registers:
EAX=0x00000008, EBX=0x1703be80, ECX=0x0000220d, EDX=0x1703c1c8
ESP=0x010a4fe0, EBP=0x010a5000, ESI=0x1703be40, EDI=0x010a5010
EIP=0x04c2fa27, EFLAGS=0x00010287

Top of Stack: (sp=0x010a4fe0)
0x010a4fe0:   010a4fe0 1703be40 010a5010 1703c1c8
0x010a4ff0:   00000000 1703be80 00000000 010a5010
0x010a5000:   010a5034 04c2476a 00000000 00000000
0x010a5010:   06ff3420 010a5014 1703bf2f 010a5044
0x010a5020:   1703c1c8 00000000 1703bf60 010a5010
0x010a5030:   010a5044 010a5068 04c2476a 00000000
0x010a5040:   00000000 06ff3420 010a5048 1703be54
0x010a5050:   010a5078 1703c1c8 00000000 1703be80 

Instructions: (pc=0x04c2fa27)
0x04c2fa07:   0d 4c ca 9e 72 0f 83 42 01 00 00 89 84 24 00 f0
0x04c2fa17:   ff ff 89 84 24 00 e0 ff ff 89 84 24 00 d0 ff ff
0x04c2fa27:   89 84 24 00 c0 ff ff 64 8b 04 25 00 00 00 00 8b
0x04c2fa37:   40 f4 c6 80 95 01 00 00 00 64 8b 0c 25 00 00 00 


Register to memory mapping:

EAX=0x00000008 is an unknown value
EBX={method} {0x1703be84} 'countPrice' '()D' in 'com/sdabyd2/programowanie/Item'
ECX=0x0000220d is an unknown value
EDX=0x1703c1c8 is pointing into metadata
ESP=0x010a4fe0 is pointing into the stack for thread: 0x04c1d400
EBP=0x010a5000 is pointing into the stack for thread: 0x04c1d400
ESI=0x1703be40 is pointing into metadata
EDI=0x010a5010 is pointing into the stack for thread: 0x04c1d400


Stack: [0x010a0000,0x010f0000],  sp=0x010a4fe0,  free space=19k
Native frames: (J=compiled Java code, j=interpreted, Vv=VM code, C=native code)
j  com.sdabyd2.programowanie.Item.countPrice()D+0
j  com.sdabyd2.programowanie.Item.countPriceWithDiscount()D+71
j  com.sdabyd2.programowanie.Item.countPrice()D+20
j  com.sdabyd2.programowanie.Item.countPriceWithDiscount()D+71
j  com.sdabyd2.programowanie.Item.countPrice()D+20
j  com.sdabyd2.programowanie.Item.countPriceWithDiscount()D+71
j  com.sdabyd2.programowanie.Item.countPrice()D+20
j  com.sdabyd2.programowanie.Item.countPriceWithDiscount()D+71
j  com.sdabyd2.programowanie.Item.countPrice()D+20
j  com.sdabyd2.programowanie.Item.countPriceWithDiscount()D+71
j  com.sdabyd2.programowanie.Item.countPrice()D+20
j  com.sdabyd2.programowanie.Item.countPriceWithDiscount()D+71
j  com.sdabyd2.programowanie.Item.countPrice()D+20
j  com.sdabyd2.programowanie.Item.countPriceWithDiscount()D+71
j  com.sdabyd2.programowanie.Item.countPrice()D+20
j  com.sdabyd2.programowanie.Item.countPriceWithDiscount()D+71
j  com.sdabyd2.programowanie.Item.countPrice()D+20
j  com.sdabyd2.programowanie.Item.countPriceWithDiscount()D+71
j  com.sdabyd2.programowanie.Item.countPrice()D+20
j  com.sdabyd2.programowanie.Item.countPriceWithDiscount()D+71
j  com.sdabyd2.programowanie.Item.countPrice()D+20
j  com.sdabyd2.programowanie.Item.countPriceWithDiscount()D+71
j  com.sdabyd2.programowanie.Item.countPrice()D+20
j  com.sdabyd2.programowanie.Item.countPriceWithDiscount()D+71
j  com.sdabyd2.programowanie.Item.countPrice()D+20
j  com.sdabyd2.programowanie.Item.countPriceWithDiscount()D+71
j  com.sdabyd2.programowanie.Item.countPrice()D+20
j  com.sdabyd2.programowanie.Item.countPriceWithDiscount()D+71
j  com.sdabyd2.programowanie.Item.countPrice()D+20
j  com.sdabyd2.programowanie.Item.countPriceWithDiscount()D+71
j  com.sdabyd2.programowanie.Item.countPrice()D+20
j  com.sdabyd2.programowanie.Item.countPriceWithDiscount()D+71
j  com.sdabyd2.programowanie.Item.countPrice()D+20
j  com.sdabyd2.programowanie.Item.countPriceWithDiscount()D+71
j  com.sdabyd2.programowanie.Item.countPrice()D+20
j  com.sdabyd2.programowanie.Item.countPriceWithDiscount()D+71
j  com.sdabyd2.programowanie.Item.countPrice()D+20
j  com.sdabyd2.programowanie.Item.countPriceWithDiscount()D+71
j  com.sdabyd2.programowanie.Item.countPrice()D+20
j  com.sdabyd2.programowanie.Item.countPriceWithDiscount()D+71
j  com.sdabyd2.programowanie.Item.countPrice()D+20
j  com.sdabyd2.programowanie.Item.countPriceWithDiscount()D+71
j  com.sdabyd2.programowanie.Item.countPrice()D+20
j  com.sdabyd2.programowanie.Item.countPriceWithDiscount()D+71
j  com.sdabyd2.programowanie.Item.countPrice()D+20
j  com.sdabyd2.programowanie.Item.countPriceWithDiscount()D+71
j  com.sdabyd2.programowanie.Item.countPrice()D+20
j  com.sdabyd2.programowanie.Item.countPriceWithDiscount()D+71
j  com.sdabyd2.programowanie.Item.countPrice()D+20
j  com.sdabyd2.programowanie.Item.countPriceWithDiscount()D+71
j  com.sdabyd2.programowanie.Item.countPrice()D+20
j  com.sdabyd2.programowanie.Item.countPriceWithDiscount()D+71
j  com.sdabyd2.programowanie.Item.countPrice()D+20
j  com.sdabyd2.programowanie.Item.countPriceWithDiscount()D+71
j  com.sdabyd2.programowanie.Item.countPrice()D+20
j  com.sdabyd2.programowanie.Item.countPriceWithDiscount()D+71
j  com.sdabyd2.programowanie.Item.countPrice()D+20
j  com.sdabyd2.programowanie.Item.countPriceWithDiscount()D+71
j  com.sdabyd2.programowanie.Item.countPrice()D+20
j  com.sdabyd2.programowanie.Item.countPriceWithDiscount()D+71
j  com.sdabyd2.programowanie.Item.countPrice()D+20
j  com.sdabyd2.programowanie.Item.countPriceWithDiscount()D+71
j  com.sdabyd2.programowanie.Item.countPrice()D+20
j  com.sdabyd2.programowanie.Item.countPriceWithDiscount()D+71
j  com.sdabyd2.programowanie.Item.countPrice()D+20
j  com.sdabyd2.programowanie.Item.countPriceWithDiscount()D+71
j  com.sdabyd2.programowanie.Item.countPrice()D+20
j  com.sdabyd2.programowanie.Item.countPriceWithDiscount()D+71
j  com.sdabyd2.programowanie.Item.countPrice()D+20
j  com.sdabyd2.programowanie.Item.countPriceWithDiscount()D+71
j  com.sdabyd2.programowanie.Item.countPrice()D+20
j  com.sdabyd2.programowanie.Item.countPriceWithDiscount()D+71
j  com.sdabyd2.programowanie.Item.countPrice()D+20
j  com.sdabyd2.programowanie.Item.countPriceWithDiscount()D+71
j  com.sdabyd2.programowanie.Item.countPrice()D+20
j  com.sdabyd2.programowanie.Item.countPriceWithDiscount()D+71
j  com.sdabyd2.programowanie.Item.countPrice()D+20
j  com.sdabyd2.programowanie.Item.countPriceWithDiscount()D+71
j  com.sdabyd2.programowanie.Item.countPrice()D+20
j  com.sdabyd2.programowanie.Item.countPriceWithDiscount()D+71
j  com.sdabyd2.programowanie.Item.countPrice()D+20
j  com.sdabyd2.programowanie.Item.countPriceWithDiscount()D+71
j  com.sdabyd2.programowanie.Item.countPrice()D+20
j  com.sdabyd2.programowanie.Item.countPriceWithDiscount()D+71
j  com.sdabyd2.programowanie.Item.countPrice()D+20
j  com.sdabyd2.programowanie.Item.countPriceWithDiscount()D+71
j  com.sdabyd2.programowanie.Item.countPrice()D+20
j  com.sdabyd2.programowanie.Item.countPriceWithDiscount()D+71
j  com.sdabyd2.programowanie.Item.countPrice()D+20
j  com.sdabyd2.programowanie.Item.countPriceWithDiscount()D+71
j  com.sdabyd2.programowanie.Item.countPrice()D+20
j  com.sdabyd2.programowanie.Item.countPriceWithDiscount()D+71
j  com.sdabyd2.programowanie.Item.countPrice()D+20
j  com.sdabyd2.programowanie.Item.countPriceWithDiscount()D+71
j  com.sdabyd2.programowanie.Item.countPrice()D+20
j  com.sdabyd2.programowanie.Item.countPriceWithDiscount()D+71
j  com.sdabyd2.programowanie.Item.countPrice()D+20
j  com.sdabyd2.programowanie.Item.countPriceWithDiscount()D+71
j  com.sdabyd2.programowanie.Item.countPrice()D+20
j  com.sdabyd2.programowanie.Item.countPriceWithDiscount()D+71
...<more frames>...


---------------  P R O C E S S  ---------------

Java Threads: ( => current thread )
  0x17320000 JavaThread "Service Thread" daemon [_thread_blocked, id=14896, stack(0x179d0000,0x17a20000)]
  0x1731bc00 JavaThread "C1 CompilerThread0" daemon [_thread_blocked, id=3868, stack(0x17940000,0x17990000)]
  0x1729fc00 JavaThread "JDWP Event Helper Thread" daemon [_thread_blocked, id=8824, stack(0x17820000,0x17870000)]
  0x1729ac00 JavaThread "Attach Listener" daemon [_thread_blocked, id=16148, stack(0x17700000,0x17750000)]
  0x17298c00 JavaThread "Signal Dispatcher" daemon [_thread_blocked, id=16372, stack(0x17670000,0x176c0000)]
  0x1727c000 JavaThread "Finalizer" daemon [_thread_blocked, id=2372, stack(0x174f0000,0x17540000)]
  0x17266000 JavaThread "Reference Handler" daemon [_thread_blocked, id=15068, stack(0x17460000,0x174b0000)]
=>0x04c1d400 JavaThread "main" [_thread_in_Java, id=11368, stack(0x010a0000,0x010f0000)]

Other Threads:
  0x17260400 VMThread [stack: 0x06d50000,0x06da0000] [id=11584]
  0x17362000 WatcherThread [stack: 0x17a60000,0x17ab0000] [id=10532]

VM state:not at safepoint (normal execution)

VM Mutex/Monitor currently owned by a thread: None

Heap:
 def new generation   total 4928K, used 2162K [0x06e00000, 0x07350000, 0x0c350000)
  eden space 4416K,  48% used [0x06e00000, 0x0701c830, 0x07250000)
  from space 512K,   0% used [0x07250000, 0x07250000, 0x072d0000)
  to   space 512K,   0% used [0x072d0000, 0x072d0000, 0x07350000)
 tenured generation   total 10944K, used 0K [0x0c350000, 0x0ce00000, 0x16e00000)
   the space 10944K,   0% used [0x0c350000, 0x0c350000, 0x0c350200, 0x0ce00000)
 Metaspace       used 2103K, capacity 2312K, committed 2368K, reserved 4480K

Card table byte_map: [0x06c20000,0x06cb0000] byte_map_base: 0x06be9000

Polling page: 0x010f0000

CodeCache: size=32768Kb used=689Kb max_used=689Kb free=32078Kb
 bounds [0x04c20000, 0x04cd0000, 0x06c20000]
 total_blobs=153 nmethods=22 adapters=71
 compilation: enabled

Compilation events (10 events):
Event: 0.803 Thread 0x1731bc00 nmethod 15 0x04cca9c8 code [0x04ccaae0, 0x04ccaca8]
Event: 0.803 Thread 0x1731bc00   16             java.io.WinNTFileSystem::normalize (143 bytes)
Event: 0.804 Thread 0x1731bc00 nmethod 16 0x04ccadc8 code [0x04ccaf20, 0x04ccb1cc]
Event: 0.804 Thread 0x1731bc00   17             java.io.WinNTFileSystem::isSlash (18 bytes)
Event: 0.804 Thread 0x1731bc00 nmethod 17 0x04ccb508 code [0x04ccb600, 0x04ccb6a0]
Event: 1.004 Thread 0x1731bc00   19             java.lang.Object::<init> (1 bytes)
Event: 1.005 Thread 0x1731bc00 nmethod 19 0x04ccb708 code [0x04ccb800, 0x04ccb890]
Event: 1.254 Thread 0x1731bc00   20             sun.misc.FDBigInteger::mult (64 bytes)
Event: 1.254 Thread 0x1731bc00 nmethod 20 0x04ccba08 code [0x04ccbb00, 0x04ccbcb0]
Event: 320.915 Thread 0x1731bc00   21             com.sdabyd2.programowanie.Item::countPriceWithDiscount (81 bytes)

GC Heap History (0 events):
No events

Deoptimization events (0 events):
No events

Internal exceptions (7 events):
Event: 0.091 Thread 0x04c1d400 Exception <a 'java/lang/NoSuchMethodError': Method sun.misc.Unsafe.defineClass(Ljava/lang/String;[BII)Ljava/lang/Class; name or signature does not match> (0x06e06e68) thrown at [C:\re\workspace\8-2-build-windows-i586-cygwin\jdk8u112\7884\hotspot\src\share
Event: 0.091 Thread 0x04c1d400 Exception <a 'java/lang/NoSuchMethodError': Method sun.misc.Unsafe.prefetchRead(Ljava/lang/Object;J)V name or signature does not match> (0x06e07138) thrown at [C:\re\workspace\8-2-build-windows-i586-cygwin\jdk8u112\7884\hotspot\src\share\vm\prims\jni.cpp,
Event: 75.181 Thread 0x04c1d400 Exception <a 'java/lang/StackOverflowError'> (0x06ff3a98) thrown at [C:\re\workspace\8-2-build-windows-i586-cygwin\jdk8u112\7884\hotspot\src\share\vm\interpreter\interpreterRuntime.cpp, line 323]
Event: 93.328 Thread 0x04c1d400 Exception <a 'java/lang/StackOverflowError'> (0x06ff7748) thrown at [C:\re\workspace\8-2-build-windows-i586-cygwin\jdk8u112\7884\hotspot\src\share\vm\interpreter\interpreterRuntime.cpp, line 323]
Event: 97.839 Thread 0x04c1d400 Exception <a 'java/lang/StackOverflowError'> (0x06ffb3f8) thrown at [C:\re\workspace\8-2-build-windows-i586-cygwin\jdk8u112\7884\hotspot\src\share\vm\interpreter\interpreterRuntime.cpp, line 323]
Event: 108.645 Thread 0x04c1d400 Exception <a 'java/lang/StackOverflowError'> (0x06fff0a8) thrown at [C:\re\workspace\8-2-build-windows-i586-cygwin\jdk8u112\7884\hotspot\src\share\vm\interpreter\interpreterRuntime.cpp, line 323]
Event: 112.488 Thread 0x04c1d400 Exception <a 'java/lang/StackOverflowError'> (0x07002d58) thrown at [C:\re\workspace\8-2-build-windows-i586-cygwin\jdk8u112\7884\hotspot\src\share\vm\interpreter\interpreterRuntime.cpp, line 323]

Events (10 events):
Event: 320.914 Thread 0x172a4c00 Thread exited: 0x172a4c00
Event: 320.915 Executing VM operation: ChangeBreakpoints
Event: 320.915 Executing VM operation: ChangeBreakpoints done
Event: 320.915 Executing VM operation: ChangeBreakpoints
Event: 320.915 Executing VM operation: ChangeBreakpoints done
Event: 320.915 Executing VM operation: ChangeBreakpoints
Event: 320.915 Executing VM operation: ChangeBreakpoints done
Event: 320.915 Executing VM operation: ChangeBreakpoints
Event: 320.915 Executing VM operation: ChangeBreakpoints done
Event: 320.915 Thread 0x17296c00 Thread exited: 0x17296c00


Dynamic libraries:
0x01100000 - 0x01133000 	C:\Program Files (x86)\Java\jdk1.8.0_112\bin\java.exe
0x77c60000 - 0x77ded000 	C:\WINDOWS\SYSTEM32\ntdll.dll
0x76400000 - 0x764d0000 	C:\WINDOWS\System32\KERNEL32.DLL
0x74f30000 - 0x75107000 	C:\WINDOWS\System32\KERNELBASE.dll
0x72a40000 - 0x72ada000 	C:\WINDOWS\SYSTEM32\apphelp.dll
0x77b10000 - 0x77b88000 	C:\WINDOWS\System32\ADVAPI32.dll
0x76710000 - 0x767cd000 	C:\WINDOWS\System32\msvcrt.dll
0x75f60000 - 0x75fa3000 	C:\WINDOWS\System32\sechost.dll
0x77ba0000 - 0x77c5e000 	C:\WINDOWS\System32\RPCRT4.dll
0x74680000 - 0x746a0000 	C:\WINDOWS\System32\SspiCli.dll
0x74670000 - 0x7467a000 	C:\WINDOWS\System32\CRYPTBASE.dll
0x74ed0000 - 0x74f27000 	C:\WINDOWS\System32\bcryptPrimitives.dll
0x758a0000 - 0x75a15000 	C:\WINDOWS\System32\USER32.dll
0x75470000 - 0x75486000 	C:\WINDOWS\System32\win32u.dll
0x75a20000 - 0x75a42000 	C:\WINDOWS\System32\GDI32.dll
0x765b0000 - 0x7670e000 	C:\WINDOWS\System32\gdi32full.dll
0x757b0000 - 0x7582c000 	C:\WINDOWS\System32\msvcp_win.dll
0x75350000 - 0x75467000 	C:\WINDOWS\System32\ucrtbase.dll
0x73900000 - 0x73b11000 	C:\WINDOWS\WinSxS\x86_microsoft.windows.common-controls_6595b64144ccf1df_6.0.16299.192_none_5d760485a7e0eb41\COMCTL32.dll
0x746b0000 - 0x748f6000 	C:\WINDOWS\System32\combase.dll
0x755f0000 - 0x75615000 	C:\WINDOWS\System32\IMM32.DLL
0x74430000 - 0x744ef000 	C:\Program Files (x86)\Java\jdk1.8.0_112\jre\bin\msvcr100.dll
0x72670000 - 0x72a3e000 	C:\Program Files (x86)\Java\jdk1.8.0_112\jre\bin\client\jvm.dll
0x75830000 - 0x75836000 	C:\WINDOWS\System32\PSAPI.DLL
0x73760000 - 0x73784000 	C:\WINDOWS\SYSTEM32\WINMM.dll
0x6f750000 - 0x6f758000 	C:\WINDOWS\SYSTEM32\WSOCK32.dll
0x74660000 - 0x74668000 	C:\WINDOWS\SYSTEM32\VERSION.dll
0x75a50000 - 0x75ab6000 	C:\WINDOWS\System32\WS2_32.dll
0x73730000 - 0x73753000 	C:\WINDOWS\SYSTEM32\WINMMBASE.dll
0x75280000 - 0x752b8000 	C:\WINDOWS\System32\cfgmgr32.dll
0x74420000 - 0x7442c000 	C:\Program Files (x86)\Java\jdk1.8.0_112\jre\bin\verify.dll
0x743f0000 - 0x74411000 	C:\Program Files (x86)\Java\jdk1.8.0_112\jre\bin\java.dll
0x742e0000 - 0x7430a000 	C:\Program Files (x86)\Java\jdk1.8.0_112\jre\bin\jdwp.dll
0x742d0000 - 0x742d7000 	C:\Program Files (x86)\Java\jdk1.8.0_112\jre\bin\npt.dll
0x74050000 - 0x74070000 	C:\Program Files (x86)\Java\jdk1.8.0_112\jre\bin\instrument.dll
0x743d0000 - 0x743e3000 	C:\Program Files (x86)\Java\jdk1.8.0_112\jre\bin\zip.dll
0x767d0000 - 0x77b03000 	C:\WINDOWS\System32\SHELL32.dll
0x75490000 - 0x75518000 	C:\WINDOWS\System32\shcore.dll
0x74900000 - 0x74ec6000 	C:\WINDOWS\System32\windows.storage.dll
0x75540000 - 0x75585000 	C:\WINDOWS\System32\shlwapi.dll
0x755e0000 - 0x755ee000 	C:\WINDOWS\System32\kernel.appcore.dll
0x75fb0000 - 0x75ff5000 	C:\WINDOWS\System32\powrprof.dll
0x75520000 - 0x75534000 	C:\WINDOWS\System32\profapi.dll
0x74040000 - 0x74048000 	C:\Program Files (x86)\Java\jdk1.8.0_112\jre\bin\dt_socket.dll
0x6fdb0000 - 0x6fe05000 	C:\WINDOWS\system32\mswsock.dll

VM Arguments:
jvm_args: -agentlib:jdwp=transport=dt_socket,address=127.0.0.1:52856,suspend=y,server=n -javaagent:C:\Users\Natalia\.IdeaIC2017.3\system\captureAgent\debugger-agent.jar=C:\Users\Natalia\AppData\Local\Temp\capture492.props -Dfile.encoding=UTF-8 
java_command: com.sdabyd2.programowanie.Main
java_class_path (initial): C:\Program Files (x86)\Java\jdk1.8.0_112\jre\lib\charsets.jar;C:\Program Files (x86)\Java\jdk1.8.0_112\jre\lib\deploy.jar;C:\Program Files (x86)\Java\jdk1.8.0_112\jre\lib\ext\access-bridge-32.jar;C:\Program Files (x86)\Java\jdk1.8.0_112\jre\lib\ext\cldrdata.jar;C:\Program Files (x86)\Java\jdk1.8.0_112\jre\lib\ext\dnsns.jar;C:\Program Files (x86)\Java\jdk1.8.0_112\jre\lib\ext\jaccess.jar;C:\Program Files (x86)\Java\jdk1.8.0_112\jre\lib\ext\jfxrt.jar;C:\Program Files (x86)\Java\jdk1.8.0_112\jre\lib\ext\localedata.jar;C:\Program Files (x86)\Java\jdk1.8.0_112\jre\lib\ext\nashorn.jar;C:\Program Files (x86)\Java\jdk1.8.0_112\jre\lib\ext\sunec.jar;C:\Program Files (x86)\Java\jdk1.8.0_112\jre\lib\ext\sunjce_provider.jar;C:\Program Files (x86)\Java\jdk1.8.0_112\jre\lib\ext\sunmscapi.jar;C:\Program Files (x86)\Java\jdk1.8.0_112\jre\lib\ext\sunpkcs11.jar;C:\Program Files (x86)\Java\jdk1.8.0_112\jre\lib\ext\zipfs.jar;C:\Program Files (x86)\Java\jdk1.8.0_112\jre\lib\javaws.jar;C:\Program Files (x86)\Java\jdk1.8.0_112\jre\lib\jce.jar;C:\Program Files (x86)\Java\jdk1.8.0_112\jre\lib\jfr.jar;C:\Program Files (x86)\Java\jdk1.8.0_112\jre\lib\jfxswt.jar;C:\Program Files (x86)\Java\jdk1.8.0_112\jre\lib\jsse.jar;C:\Program Files (x86)\Java\jdk1.8.0_112\jre\lib\management-agent.jar;C:\Program Files (x86)\Java\jdk1.8.0_112\jre\lib\plugin.jar;C:\Program Files (x86)\Java\jdk1.8.0_112\jre\lib\resources.jar;C:\Program Files (x86)\Java\jdk1.8.0_112\jre\lib\rt.jar;C:\Users\Natalia\Documents\ProgramowanieII_orders_NP\target\classes;C:\Program Files\JetBrains\IntelliJ IDEA Community Edition 2017.3\lib\idea_rt.jar;C:\Users\Natalia\.IdeaIC2017.3\system\captureAgent\debugger-agent.jar
Launcher Type: SUN_STANDARD

Environment Variables:
JAVA_HOME=C:\Program Files (x86)\Java\jdk1.8.0_112\
PATH=C:\ProgramData\Oracle\Java\javapath;C:\Program Files (x86)\NVIDIA Corporation\PhysX\Common;C:\Program Files (x86)\Intel\iCLS Client\;C:\Program Files\Intel\iCLS Client\;C:\WINDOWS\system32;C:\WINDOWS;C:\WINDOWS\System32\Wbem;C:\WINDOWS\System32\WindowsPowerShell\v1.0\;C:\Program Files\Intel\Intel(R) Management Engine Components\DAL;C:\Program Files\Intel\Intel(R) Management Engine Components\IPT;C:\Program Files (x86)\Intel\Intel(R) Management Engine Components\DAL;C:\Program Files (x86)\Intel\Intel(R) Management Engine Components\IPT;C:\Program Files (x86)\Intel\OpenCL SDK\3.0\bin\x86;C:\Program Files (x86)\Intel\OpenCL SDK\3.0\bin\x64;C:\Program Files\Intel\WiFi\bin\;C:\Program Files\Common Files\Intel\WirelessCommon\;"C:\Program Files (x86)\Java\jdk1.8.0_112\bin";C:\Program Files (x86)\Skype\Phone\;C:\Program Files (x86)\Calibre2\;C:\Program Files (x86)\Git\cmd;C:\Program Files\TortoiseGit\bin;C:\Users\Natalia\AppData\Local\Microsoft\WindowsApps;
USERNAME=Natalia
OS=Windows_NT
PROCESSOR_IDENTIFIER=Intel64 Family 6 Model 60 Stepping 3, GenuineIntel



---------------  S Y S T E M  ---------------

OS: Windows 10.0 , 64 bit Build 16299 (10.0.16299.15)

CPU:total 8 (4 cores per cpu, 2 threads per core) family 6 model 60 stepping 3, cmov, cx8, fxsr, mmx, sse, sse2, sse3, ssse3, sse4.1, sse4.2, popcnt, avx, avx2, aes, clmul, erms, lzcnt, ht, tsc, tscinvbit, bmi1, bmi2

Memory: 4k page, physical 8147028k(3337380k free), swap 13258936k(6305500k free)

vm_info: Java HotSpot(TM) Client VM (25.112-b15) for windows-x86 JRE (1.8.0_112-b15), built on Sep 22 2016 21:03:20 by "java_re" with MS VC++ 10.0 (VS2010)

time: Sun Jan 28 13:00:14 2018
elapsed time: 320 seconds (0d 0h 5m 20s)

